<?xml version="1.0" encoding="UTF-8"?>
<!-- Generated by org.testng.reporters.JUnitReportReporter -->
<testsuite hostname="CIJIN-T3523" failures="0" tests="5" name="testscript.HomePageTest" time="30.801" errors="0" timestamp="05 Jul 2023 11:23:08 GMT" skipped="0">
  <testcase classname="testscript.HomePageTest" name="verifyToClicksendEmail" time="6.341"/>
  <testcase classname="testscript.HomePageTest" name="verifyToClickaddClient" time="5.126"/>
  <testcase classname="testscript.HomePageTest" name="verifyToClickaddReparation" time="5.607"/>
  <testcase classname="testscript.HomePageTest" name="verifyToClicksendSms" time="8.761"/>
  <testcase classname="testscript.HomePageTest" name="verifyToClickquantityAlerts" time="4.966"/>
</testsuite> <!-- testscript.HomePageTest -->
